<?xml version="1.0" encoding="UTF-8"?>
<!-- Generated by org.testng.reporters.JUnitReportReporter -->
<testsuite skipped="0" hostname="Surajs-MacBook-Pro.local" name="com.crm.qa.testcases.ContactsPageTest" tests="1" failures="0" timestamp="2020-04-27T17:07:30 NPT" time="14.289" errors="0">
  <testcase name="verifyContactsPageLabelTest" time="14.289" classname="com.crm.qa.testcases.ContactsPageTest"/>
  <system-out/>
</testsuite> <!-- com.crm.qa.testcases.ContactsPageTest -->
