<?xml version="1.0" encoding="UTF-8"?>
<!-- Generated by org.testng.reporters.JUnitReportReporter -->
<testsuite skipped="0" hostname="Surajs-MacBook-Pro.local" name="com.crm.qa.testcases.LoginPageTest" tests="1" failures="0" timestamp="2020-04-27T17:07:40 NPT" time="11.754" errors="0">
  <testcase name="LoginTest" time="11.754" classname="com.crm.qa.testcases.LoginPageTest"/>
  <system-out/>
</testsuite> <!-- com.crm.qa.testcases.LoginPageTest -->
