<?xml version="1.0" encoding="UTF-8"?>
<!-- Generated by org.testng.reporters.JUnitReportReporter -->
<testsuite skipped="0" hostname="Surajs-MacBook-Pro.local" name="com.crm.qa.testcases.HomePageTest" tests="1" failures="0" timestamp="2020-04-27T17:07:35 NPT" time="12.110" errors="0">
  <testcase name="verifyHomePageTitleTest" time="12.110" classname="com.crm.qa.testcases.HomePageTest"/>
  <system-out/>
</testsuite> <!-- com.crm.qa.testcases.HomePageTest -->
